-------------------------------------------------------------------------------
Test set: com.phonestore.service.ProductServiceTest
-------------------------------------------------------------------------------
Tests run: 5, Failures: 1, Errors: 0, Skipped: 0, Time elapsed: 0.542 s <<< FAILURE! -- in com.phonestore.service.ProductServiceTest
com.phonestore.service.ProductServiceTest.searchProducts_Success -- Time elapsed: 0.006 s <<< FAILURE!
org.opentest4j.AssertionFailedError: expected: <20> but was: <9>
	at org.junit.jupiter.api.AssertionFailureBuilder.build(AssertionFailureBuilder.java:151)
	at org.junit.jupiter.api.AssertionFailureBuilder.buildAndThrow(AssertionFailureBuilder.java:132)
	at org.junit.jupiter.api.AssertEquals.failNotEqual(AssertEquals.java:197)
	at org.junit.jupiter.api.AssertEquals.assertEquals(AssertEquals.java:182)
	at org.junit.jupiter.api.AssertEquals.assertEquals(AssertEquals.java:177)
	at org.junit.jupiter.api.Assertions.assertEquals(Assertions.java:538)
	at com.phonestore.service.ProductServiceTest.searchProducts_Success(ProductServiceTest.java:109)
	at java.base/java.lang.reflect.Method.invoke(Method.java:580)
	at java.base/java.util.ArrayList.forEach(ArrayList.java:1596)
	at java.base/java.util.ArrayList.forEach(ArrayList.java:1596)

